<?xml version="1.0" encoding="UTF-8"?>
<testsuite name="com.example.rqchallenge.RqChallengeApplicationTests" tests="1" skipped="0" failures="0" errors="0" timestamp="2024-07-22T14:22:19" hostname="LAPTOP-HUV524D9" time="0.464">
  <properties/>
  <testcase name="contextLoads()" classname="com.example.rqchallenge.RqChallengeApplicationTests" time="0.464"/>
  <system-out><![CDATA[19:52:17.679 [Test worker] DEBUG org.springframework.test.context.BootstrapUtils - Instantiating CacheAwareContextLoaderDelegate from class [org.springframework.test.context.cache.DefaultCacheAwareContextLoaderDelegate]
19:52:17.691 [Test worker] DEBUG org.springframework.test.context.BootstrapUtils - Instantiating BootstrapContext using constructor [public org.springframework.test.context.support.DefaultBootstrapContext(java.lang.Class,org.springframework.test.context.CacheAwareContextLoaderDelegate)]
19:52:17.730 [Test worker] DEBUG org.springframework.test.context.BootstrapUtils - Instantiating TestContextBootstrapper for test class [com.example.rqchallenge.RqChallengeApplicationTests] from class [org.springframework.boot.test.context.SpringBootTestContextBootstrapper]
19:52:17.742 [Test worker] INFO org.springframework.boot.test.context.SpringBootTestContextBootstrapper - Neither @ContextConfiguration nor @ContextHierarchy found for test class [com.example.rqchallenge.RqChallengeApplicationTests], using SpringBootContextLoader
19:52:17.748 [Test worker] DEBUG org.springframework.test.context.support.AbstractContextLoader - Did not detect default resource location for test class [com.example.rqchallenge.RqChallengeApplicationTests]: class path resource [com/example/rqchallenge/RqChallengeApplicationTests-context.xml] does not exist
19:52:17.748 [Test worker] DEBUG org.springframework.test.context.support.AbstractContextLoader - Did not detect default resource location for test class [com.example.rqchallenge.RqChallengeApplicationTests]: class path resource [com/example/rqchallenge/RqChallengeApplicationTestsContext.groovy] does not exist
19:52:17.748 [Test worker] INFO org.springframework.test.context.support.AbstractContextLoader - Could not detect default resource locations for test class [com.example.rqchallenge.RqChallengeApplicationTests]: no resource found for suffixes {-context.xml, Context.groovy}.
19:52:17.749 [Test worker] INFO org.springframework.test.context.support.AnnotationConfigContextLoaderUtils - Could not detect default configuration classes for test class [com.example.rqchallenge.RqChallengeApplicationTests]: RqChallengeApplicationTests does not declare any static, non-private, non-final, nested classes annotated with @Configuration.
19:52:17.800 [Test worker] DEBUG org.springframework.test.context.support.ActiveProfilesUtils - Could not find an 'annotation declaring class' for annotation type [org.springframework.test.context.ActiveProfiles] and class [com.example.rqchallenge.RqChallengeApplicationTests]
19:52:17.849 [Test worker] DEBUG org.springframework.context.annotation.ClassPathScanningCandidateComponentProvider - Identified candidate component class: file [C:\Users\padek\Documents\workspace-spring-tool-suite-4-4.23.0.RELEASE\java-employee-challenge\build\classes\java\main\com\example\rqchallenge\RqChallengeApplication.class]
19:52:17.850 [Test worker] INFO org.springframework.boot.test.context.SpringBootTestContextBootstrapper - Found @SpringBootConfiguration com.example.rqchallenge.RqChallengeApplication for test class com.example.rqchallenge.RqChallengeApplicationTests
19:52:17.946 [Test worker] DEBUG org.springframework.boot.test.context.SpringBootTestContextBootstrapper - @TestExecutionListeners is not present for class [com.example.rqchallenge.RqChallengeApplicationTests]: using defaults.
19:52:17.946 [Test worker] INFO org.springframework.boot.test.context.SpringBootTestContextBootstrapper - Loaded default TestExecutionListener class names from location [META-INF/spring.factories]: [org.springframework.boot.test.autoconfigure.restdocs.RestDocsTestExecutionListener, org.springframework.boot.test.autoconfigure.web.client.MockRestServiceServerResetTestExecutionListener, org.springframework.boot.test.autoconfigure.web.servlet.MockMvcPrintOnlyOnFailureTestExecutionListener, org.springframework.boot.test.autoconfigure.web.servlet.WebDriverTestExecutionListener, org.springframework.boot.test.autoconfigure.webservices.client.MockWebServiceServerTestExecutionListener, org.springframework.boot.test.mock.mockito.MockitoTestExecutionListener, org.springframework.boot.test.mock.mockito.ResetMocksTestExecutionListener, org.springframework.test.context.web.ServletTestExecutionListener, org.springframework.test.context.support.DirtiesContextBeforeModesTestExecutionListener, org.springframework.test.context.event.ApplicationEventsTestExecutionListener, org.springframework.test.context.support.DependencyInjectionTestExecutionListener, org.springframework.test.context.support.DirtiesContextTestExecutionListener, org.springframework.test.context.transaction.TransactionalTestExecutionListener, org.springframework.test.context.jdbc.SqlScriptsTestExecutionListener, org.springframework.test.context.event.EventPublishingTestExecutionListener]
19:52:17.957 [Test worker] DEBUG org.springframework.boot.test.context.SpringBootTestContextBootstrapper - Skipping candidate TestExecutionListener [org.springframework.test.context.transaction.TransactionalTestExecutionListener] due to a missing dependency. Specify custom listener classes or make the default listener classes and their required dependencies available. Offending class: [org/springframework/transaction/interceptor/TransactionAttributeSource]
19:52:17.958 [Test worker] DEBUG org.springframework.boot.test.context.SpringBootTestContextBootstrapper - Skipping candidate TestExecutionListener [org.springframework.test.context.jdbc.SqlScriptsTestExecutionListener] due to a missing dependency. Specify custom listener classes or make the default listener classes and their required dependencies available. Offending class: [org/springframework/transaction/interceptor/TransactionAttribute]
19:52:17.958 [Test worker] INFO org.springframework.boot.test.context.SpringBootTestContextBootstrapper - Using TestExecutionListeners: [org.springframework.test.context.web.ServletTestExecutionListener@77602954, org.springframework.test.context.support.DirtiesContextBeforeModesTestExecutionListener@e260766, org.springframework.test.context.event.ApplicationEventsTestExecutionListener@2c3dec30, org.springframework.boot.test.mock.mockito.MockitoTestExecutionListener@34a97744, org.springframework.boot.test.autoconfigure.SpringBootDependencyInjectionTestExecutionListener@4275c20c, org.springframework.test.context.support.DirtiesContextTestExecutionListener@7c56e013, org.springframework.test.context.event.EventPublishingTestExecutionListener@3fc9dfc5, org.springframework.boot.test.autoconfigure.restdocs.RestDocsTestExecutionListener@40258c2f, org.springframework.boot.test.autoconfigure.web.client.MockRestServiceServerResetTestExecutionListener@2cac4385, org.springframework.boot.test.autoconfigure.web.servlet.MockMvcPrintOnlyOnFailureTestExecutionListener@6731787b, org.springframework.boot.test.autoconfigure.web.servlet.WebDriverTestExecutionListener@16f7b4af, org.springframework.boot.test.autoconfigure.webservices.client.MockWebServiceServerTestExecutionListener@7adf16aa, org.springframework.boot.test.mock.mockito.ResetMocksTestExecutionListener@34a1d21f]
19:52:17.962 [Test worker] DEBUG org.springframework.test.context.support.AbstractDirtiesContextTestExecutionListener - Before test class: context [DefaultTestContext@f27ea3 testClass = RqChallengeApplicationTests, testInstance = [null], testMethod = [null], testException = [null], mergedContextConfiguration = [WebMergedContextConfiguration@1ce61929 testClass = RqChallengeApplicationTests, locations = '{}', classes = '{class com.example.rqchallenge.RqChallengeApplication}', contextInitializerClasses = '[]', activeProfiles = '{}', propertySourceLocations = '{}', propertySourceProperties = '{org.springframework.boot.test.context.SpringBootTestContextBootstrapper=true}', contextCustomizers = set[org.springframework.boot.test.autoconfigure.actuate.metrics.MetricsExportContextCustomizerFactory$DisableMetricExportContextCustomizer@554e218, org.springframework.boot.test.autoconfigure.properties.PropertyMappingContextCustomizer@0, org.springframework.boot.test.autoconfigure.web.servlet.WebDriverContextCustomizerFactory$Customizer@32a68f4f, org.springframework.boot.test.context.filter.ExcludeFilterContextCustomizer@31dadd46, org.springframework.boot.test.json.DuplicateJsonObjectContextCustomizerFactory$DuplicateJsonObjectContextCustomizer@19b93fa8, org.springframework.boot.test.mock.mockito.MockitoContextCustomizer@0, org.springframework.boot.test.web.client.TestRestTemplateContextCustomizer@39655d3e, org.springframework.boot.test.context.SpringBootTestArgs@1, org.springframework.boot.test.context.SpringBootTestWebEnvironment@be35cd9], resourceBasePath = 'src/main/webapp', contextLoader = 'org.springframework.boot.test.context.SpringBootContextLoader', parent = [null]], attributes = map['org.springframework.test.context.web.ServletTestExecutionListener.activateListener' -> true]], class annotated with @DirtiesContext [false] with mode [null].
19:52:18.010 [Test worker] DEBUG org.springframework.boot.ApplicationServletEnvironment - Activating profiles []
19:52:18.012 [Test worker] DEBUG org.springframework.test.context.support.TestPropertySourceUtils - Adding inlined properties to environment: {spring.jmx.enabled=false, org.springframework.boot.test.context.SpringBootTestContextBootstrapper=true}

  .   ____          _            __ _ _
 /\\ / ___'_ __ _ _(_)_ __  __ _ \ \ \ \
( ( )\___ | '_ | '_| | '_ \/ _` | \ \ \ \
 \\/  ___)| |_)| | | | | || (_| |  ) ) ) )
  '  |____| .__|_| |_|_| |_\__, | / / / /
 =========|_|==============|___/=/_/_/_/
 :: Spring Boot ::                (v2.6.1)

2024-07-22 19:52:18.263  INFO 29936 --- [    Test worker] c.e.r.RqChallengeApplicationTests        : Starting RqChallengeApplicationTests using Java 17.0.6 on LAPTOP-HUV524D9 with PID 29936 (started by padek in C:\Users\padek\Documents\workspace-spring-tool-suite-4-4.23.0.RELEASE\java-employee-challenge)
2024-07-22 19:52:18.264  INFO 29936 --- [    Test worker] c.e.r.RqChallengeApplicationTests        : No active profile set, falling back to default profiles: default
2024-07-22 19:52:19.739  INFO 29936 --- [    Test worker] c.e.r.RqChallengeApplicationTests        : Started RqChallengeApplicationTests in 1.726 seconds (JVM running for 2.824)
]]></system-out>
  <system-err><![CDATA[]]></system-err>
</testsuite>
